

Processing ResourceManagerController#getjs (for 127.0.0.1 at 2011-02-19 21:49:45) [GET]
Rendering resource_manager/getjs
Completed in 113ms (View: 109, DB: 0) | 200 OK [http://localhost/resource_manager/getjs]


Processing ResourceManagerController#getjs (for 127.0.0.1 at 2011-02-19 21:54:48) [GET]

ActionView::MissingTemplate (Missing template resource_manager/getjs.erb in view path app/views):
  /usr/lib/ruby/1.8/action_view/paths.rb:66:in `find_template'
  /usr/lib/ruby/1.8/action_controller/base.rb:1389:in `default_template'
  /usr/lib/ruby/1.8/action_controller/base.rb:905:in `render_without_benchmark'
  /usr/lib/ruby/1.8/action_controller/benchmarking.rb:51:in `render'
  /usr/lib/ruby/1.8/action_controller/benchmarking.rb:51:in `render'
  /usr/lib/ruby/1.8/action_controller/base.rb:1326:in `default_render'
  /usr/lib/ruby/1.8/action_controller/base.rb:1332:in `perform_action_without_filters'
  /usr/lib/ruby/1.8/action_controller/filters.rb:617:in `call_filters'
  /usr/lib/ruby/1.8/action_controller/filters.rb:610:in `perform_action_without_benchmark'
  /usr/lib/ruby/1.8/action_controller/benchmarking.rb:68:in `perform_action_without_rescue'
  /usr/lib/ruby/1.8/action_controller/benchmarking.rb:68:in `perform_action_without_rescue'
  /usr/lib/ruby/1.8/action_controller/rescue.rb:160:in `perform_action_without_flash'
  /usr/lib/ruby/1.8/action_controller/flash.rb:146:in `perform_action'
  /usr/lib/ruby/1.8/action_controller/base.rb:532:in `send'
  /usr/lib/ruby/1.8/action_controller/base.rb:532:in `process_without_filters'
  /usr/lib/ruby/1.8/action_controller/filters.rb:606:in `process'
  /usr/lib/ruby/1.8/action_controller/base.rb:391:in `process'
  /usr/lib/ruby/1.8/action_controller/base.rb:386:in `call'
  /usr/lib/ruby/1.8/action_controller/routing/route_set.rb:437:in `call'
  /usr/lib/ruby/1.8/action_controller/dispatcher.rb:87:in `dispatch'
  /usr/lib/ruby/1.8/action_controller/dispatcher.rb:121:in `_call'
  /usr/lib/ruby/1.8/action_controller/dispatcher.rb:130:in `build_middleware_stack'
  /usr/lib/ruby/1.8/active_record/query_cache.rb:29:in `call'
  /usr/lib/ruby/1.8/active_record/query_cache.rb:29:in `call'
  /usr/lib/ruby/1.8/active_record/connection_adapters/abstract/query_cache.rb:34:in `cache'
  /usr/lib/ruby/1.8/active_record/query_cache.rb:9:in `cache'
  /usr/lib/ruby/1.8/active_record/query_cache.rb:28:in `call'
  /usr/lib/ruby/1.8/active_record/connection_adapters/abstract/connection_pool.rb:361:in `call'
  /usr/lib/ruby/1.8/action_controller/string_coercion.rb:25:in `call'
  /usr/lib/ruby/1.8/rack/head.rb:9:in `call'
  /usr/lib/ruby/1.8/rack/methodoverride.rb:24:in `call'
  /usr/lib/ruby/1.8/action_controller/params_parser.rb:15:in `call'
  /usr/lib/ruby/1.8/action_controller/session/cookie_store.rb:93:in `call'
  /usr/lib/ruby/1.8/action_controller/failsafe.rb:26:in `call'
  /usr/lib/ruby/1.8/rack/lock.rb:11:in `call'
  /usr/lib/ruby/1.8/rack/lock.rb:11:in `synchronize'
  /usr/lib/ruby/1.8/rack/lock.rb:11:in `call'
  /usr/lib/ruby/1.8/action_controller/dispatcher.rb:114:in `call'
  /usr/lib/ruby/1.8/action_controller/reloader.rb:34:in `run'
  /usr/lib/ruby/1.8/action_controller/dispatcher.rb:108:in `call'
  /usr/lib/ruby/1.8/rack/urlmap.rb:47:in `call'
  /usr/lib/ruby/1.8/rack/urlmap.rb:41:in `each'
  /usr/lib/ruby/1.8/rack/urlmap.rb:41:in `call'
  /usr/lib/ruby/1.8/rack/content_length.rb:13:in `call'
  /usr/lib/ruby/1.8/rack/chunked.rb:15:in `call'
  /usr/lib/ruby/1.8/rack/handler/mongrel.rb:67:in `process'
  /usr/lib/ruby/1.8/mongrel.rb:159:in `process_client'
  /usr/lib/ruby/1.8/mongrel.rb:158:in `each'
  /usr/lib/ruby/1.8/mongrel.rb:158:in `process_client'
  /usr/lib/ruby/1.8/mongrel.rb:285:in `run'
  /usr/lib/ruby/1.8/mongrel.rb:285:in `initialize'
  /usr/lib/ruby/1.8/mongrel.rb:285:in `new'
  /usr/lib/ruby/1.8/mongrel.rb:285:in `run'
  /usr/lib/ruby/1.8/mongrel.rb:268:in `initialize'
  /usr/lib/ruby/1.8/mongrel.rb:268:in `new'
  /usr/lib/ruby/1.8/mongrel.rb:268:in `run'
  /usr/lib/ruby/1.8/rack/handler/mongrel.rb:38:in `run'

Rendering rescues/layout (internal_server_error)


Processing ResourceManagerController#getjs (for 127.0.0.1 at 2011-02-19 22:54:30) [GET]
Rendering resource_manager/getjs
Completed in 133ms (View: 128, DB: 0) | 200 OK [http://localhost/resource_manager/getjs]


Processing ResourceManagerController#getjs (for 127.0.0.1 at 2011-02-19 23:05:49) [GET]
Rendering resource_manager/getjs

ActionView::TemplateError (Illegal nesting: nesting within plain text is illegal.) on line #2 of app/views/resource_manager/getjs.html.haml:
1: function f() {
2:   var a = 10;
3: }

    app/views/resource_manager/getjs.html.haml:2
    haml (3.0.25) lib/haml/precompiler.rb:356:in `push_plain'
    haml (3.0.25) lib/haml/precompiler.rb:278:in `process_line'
    haml (3.0.25) lib/haml/precompiler.rb:178:in `precompile'
    haml (3.0.25) lib/haml/engine.rb:121:in `initialize'
    haml (3.0.25) rails/./lib/haml/template/plugin.rb:34:in `new'
    haml (3.0.25) rails/./lib/haml/template/plugin.rb:34:in `compile'
    haml (3.0.25) rails/./lib/haml/template/plugin.rb:39:in `call'
    haml (3.0.25) rails/./lib/haml/helpers/action_view_mods.rb:13:in `render'
    haml (3.0.25) rails/./lib/sass/plugin/rack.rb:41:in `call'
    /usr/lib/ruby/1.8/mongrel.rb:159:in `process_client'
    /usr/lib/ruby/1.8/mongrel.rb:158:in `each'
    /usr/lib/ruby/1.8/mongrel.rb:158:in `process_client'
    /usr/lib/ruby/1.8/mongrel.rb:285:in `run'
    /usr/lib/ruby/1.8/mongrel.rb:285:in `initialize'
    /usr/lib/ruby/1.8/mongrel.rb:285:in `new'
    /usr/lib/ruby/1.8/mongrel.rb:285:in `run'
    /usr/lib/ruby/1.8/mongrel.rb:268:in `initialize'
    /usr/lib/ruby/1.8/mongrel.rb:268:in `new'
    /usr/lib/ruby/1.8/mongrel.rb:268:in `run'

Rendered rescues/_trace (453.7ms)
Rendered rescues/_request_and_response (7.0ms)
Rendering rescues/layout (internal_server_error)


Processing ResourceManagerController#getjs (for 127.0.0.1 at 2011-02-19 23:06:54) [GET]
Rendering resource_manager/getjs

ActionView::TemplateError (undefined method `f' for #<ActionView::Base:0x7f9a3d5ed8f8>) on line #2 of app/views/resource_manager/getjs.html.haml:
1: :ruby
2:   function f() {
3:     var a = 10;
4:   }

    app/views/resource_manager/getjs.html.haml:2:in `_run_haml_app47views47resource_manager47getjs46html46haml'
    haml (3.0.25) rails/./lib/haml/helpers/action_view_mods.rb:13:in `render'
    haml (3.0.25) rails/./lib/sass/plugin/rack.rb:41:in `call'
    /usr/lib/ruby/1.8/mongrel.rb:159:in `process_client'
    /usr/lib/ruby/1.8/mongrel.rb:158:in `each'
    /usr/lib/ruby/1.8/mongrel.rb:158:in `process_client'
    /usr/lib/ruby/1.8/mongrel.rb:285:in `run'
    /usr/lib/ruby/1.8/mongrel.rb:285:in `initialize'
    /usr/lib/ruby/1.8/mongrel.rb:285:in `new'
    /usr/lib/ruby/1.8/mongrel.rb:285:in `run'
    /usr/lib/ruby/1.8/mongrel.rb:268:in `initialize'
    /usr/lib/ruby/1.8/mongrel.rb:268:in `new'
    /usr/lib/ruby/1.8/mongrel.rb:268:in `run'

Rendered rescues/_trace (221.1ms)
Rendered rescues/_request_and_response (1.2ms)
Rendering rescues/layout (internal_server_error)


Processing ResourceManagerController#getjs (for 127.0.0.1 at 2011-02-19 23:07:18) [GET]
Rendering resource_manager/getjs
Completed in 124ms (View: 120, DB: 0) | 200 OK [http://localhost/resource_manager/getjs]


Processing ResourceManagerController#getjs (for 127.0.0.1 at 2011-02-19 23:16:52) [GET]
Rendering getjs.js.erb

ActionView::MissingTemplate (Missing template getjs.js.erb in view path app/views):
  haml (3.0.25) rails/./lib/haml/helpers/action_view_mods.rb:13:in `render'
  app/controllers/resource_manager_controller.rb:3:in `getjs'
  haml (3.0.25) rails/./lib/sass/plugin/rack.rb:41:in `call'
  /usr/lib/ruby/1.8/mongrel.rb:159:in `process_client'
  /usr/lib/ruby/1.8/mongrel.rb:158:in `each'
  /usr/lib/ruby/1.8/mongrel.rb:158:in `process_client'
  /usr/lib/ruby/1.8/mongrel.rb:285:in `run'
  /usr/lib/ruby/1.8/mongrel.rb:285:in `initialize'
  /usr/lib/ruby/1.8/mongrel.rb:285:in `new'
  /usr/lib/ruby/1.8/mongrel.rb:285:in `run'
  /usr/lib/ruby/1.8/mongrel.rb:268:in `initialize'
  /usr/lib/ruby/1.8/mongrel.rb:268:in `new'
  /usr/lib/ruby/1.8/mongrel.rb:268:in `run'

Rendering rescues/layout (internal_server_error)


Processing ResourceManagerController#getjs (for 127.0.0.1 at 2011-02-19 23:18:18) [GET]
Rendering resource_manager/getjs.js.erb
Completed in 14ms (View: 9, DB: 0) | 200 OK [http://localhost/resource_manager/getjs]


Processing ResourceManagerController#getjs (for 127.0.0.1 at 2011-02-19 23:19:04) [GET]
Rendering resource_manager/getjs.js.erb
Completed in 15ms (View: 6, DB: 0) | 200 OK [http://localhost/resource_manager/getjs]


Processing ResourceManagerController#getjs (for 127.0.0.1 at 2011-02-19 23:20:13) [GET]
Rendering resource_manager/getjs.js.erb
Completed in 19ms (View: 15, DB: 0) | 200 OK [http://localhost/resource_manager/getjs]


Processing ResourceManagerController#getjs (for 127.0.0.1 at 2011-02-19 23:24:44) [GET]
Rendering resource_manager/getjs.js.erb
Completed in 19ms (View: 4, DB: 0) | 200 OK [http://localhost/resource_manager/getjs]


Processing ResourceManagerController#index (for 127.0.0.1 at 2011-02-19 23:31:17) [GET]
Rendering resource_manager/index
Completed in 56ms (View: 34, DB: 0) | 200 OK [http://localhost/resource_manager/]


Processing ResourceManagerController#getjs (for 127.0.0.1 at 2011-02-19 23:31:17) [GET]
Rendering resource_manager/getjs.js.erb
Completed in 16ms (View: 7, DB: 0) | 200 OK [http://localhost/resource_manager/getjs]


Processing ResourceManagerController#getjs (for 127.0.0.1 at 2011-02-19 23:31:26) [GET]
Rendering resource_manager/getjs.js.erb
Completed in 16ms (View: 2, DB: 0) | 200 OK [http://localhost/resource_manager/getjs]


Processing ResourceManagerController#index (for 127.0.0.1 at 2011-02-19 23:37:19) [GET]
Rendering template within layouts/application
Rendering resource_manager/index
Completed in 52ms (View: 44, DB: 0) | 200 OK [http://localhost/resource_manager/]


Processing ResourceManagerController#getjs (for 127.0.0.1 at 2011-02-19 23:37:20) [GET]
Rendering resource_manager/getjs.js.erb
Completed in 13ms (View: 2, DB: 0) | 200 OK [http://localhost/resource_manager/getjs]


Processing ResourceManagerController#getjs (for 127.0.0.1 at 2011-02-19 23:37:28) [GET]
Rendering resource_manager/getjs.js.erb
Completed in 61ms (View: 19, DB: 0) | 200 OK [http://localhost/resource_manager/getjs]


Processing ResourceManagerController#index (for 127.0.0.1 at 2011-02-19 23:39:30) [GET]
Rendering template within layouts/application
Rendering resource_manager/index
Completed in 28ms (View: 24, DB: 0) | 200 OK [http://localhost/resource_manager/]


Processing ResourceManagerController#getjs (for 127.0.0.1 at 2011-02-19 23:39:30) [GET]
Rendering resource_manager/getjs.js.erb
Completed in 11ms (View: 3, DB: 0) | 200 OK [http://localhost/resource_manager/getjs]


Processing ResourceManagerController#index (for 127.0.0.1 at 2011-02-19 23:40:52) [GET]
Rendering template within layouts/application
Rendering resource_manager/index
Completed in 11ms (View: 5, DB: 0) | 200 OK [http://localhost/resource_manager/]


Processing ResourceManagerController#getjs (for 127.0.0.1 at 2011-02-19 23:40:53) [GET]
Rendering resource_manager/getjs.js.erb
Completed in 38ms (View: 21, DB: 0) | 200 OK [http://localhost/resource_manager/getjs]


Processing ResourceManagerController#index (for 127.0.0.1 at 2011-02-19 23:41:38) [GET]
Rendering template within layouts/application
Rendering resource_manager/index
Completed in 17ms (View: 14, DB: 0) | 200 OK [http://localhost/resource_manager/]


Processing ResourceManagerController#getjs (for 127.0.0.1 at 2011-02-19 23:41:39) [GET]
Rendering resource_manager/getjs.js.erb
Completed in 54ms (View: 3, DB: 0) | 200 OK [http://localhost/resource_manager/getjs]
